c:\users\b38603\documents\github\listas\listas_arboles\listas_arboles\debug\listas_arboles.pch
c:\users\b38603\documents\github\listas\listas_arboles\listas_arboles\debug\vc120.pdb
c:\users\b38603\documents\github\listas\listas_arboles\listas_arboles\debug\vc120.idb
c:\users\b38603\documents\github\listas\listas_arboles\listas_arboles\debug\stdafx.obj
c:\users\b38603\documents\github\listas\listas_arboles\listas_arboles\debug\elemento.obj
c:\users\b38603\documents\github\listas\listas_arboles\listas_arboles\debug\elementodouble.obj
c:\users\b38603\documents\github\listas\listas_arboles\listas_arboles\debug\elementoint.obj
c:\users\b38603\documents\github\listas\listas_arboles\listas_arboles\debug\elementopersona.obj
c:\users\b38603\documents\github\listas\listas_arboles\listas_arboles\debug\lista.obj
c:\users\b38603\documents\github\listas\listas_arboles\listas_arboles\debug\listas_arboles.obj
c:\users\b38603\documents\github\listas\listas_arboles\listas_arboles\debug\main.obj
c:\users\b38603\documents\github\listas\listas_arboles\listas_arboles\debug\persona.obj
c:\users\b38603\documents\github\listas\listas_arboles\debug\listas_arboles.ilk
c:\users\b38603\documents\github\listas\listas_arboles\debug\listas_arboles.exe
c:\users\b38603\documents\github\listas\listas_arboles\debug\listas_arboles.pdb
c:\users\b38603\documents\github\listas\listas_arboles\listas_arboles\debug\listas_arboles.tlog\cl.command.1.tlog
c:\users\b38603\documents\github\listas\listas_arboles\listas_arboles\debug\listas_arboles.tlog\cl.read.1.tlog
c:\users\b38603\documents\github\listas\listas_arboles\listas_arboles\debug\listas_arboles.tlog\cl.write.1.tlog
c:\users\b38603\documents\github\listas\listas_arboles\listas_arboles\debug\listas_arboles.tlog\link.command.1.tlog
c:\users\b38603\documents\github\listas\listas_arboles\listas_arboles\debug\listas_arboles.tlog\link.read.1.tlog
c:\users\b38603\documents\github\listas\listas_arboles\listas_arboles\debug\listas_arboles.tlog\link.write.1.tlog
